Flow report for DE0_NANO
Fri Nov 01 06:51:29 2024
Quartus II 64-Bit Version 13.1.0 Build 162 10/23/2013 SJ Web Edition


---------------------
; Table of Contents ;
---------------------
  1. Legal Notice
  2. Flow Summary
  3. Flow Settings
  4. Flow Non-Default Global Settings
  5. Flow Elapsed Time
  6. Flow OS Summary
  7. Flow Log
  8. Flow Messages
  9. Flow Suppressed Messages



----------------
; Legal Notice ;
----------------
Copyright (C) 1991-2013 Altera Corporation
Your use of Altera Corporation's design tools, logic functions 
and other software and tools, and its AMPP partner logic 
functions, and any output files from any of the foregoing 
(including device programming or simulation files), and any 
associated documentation or information are expressly subject 
to the terms and conditions of the Altera Program License 
Subscription Agreement, Altera MegaCore Function License 
Agreement, or other applicable license agreement, including, 
without limitation, that your use is for the sole purpose of 
programming logic devices manufactured by Altera and sold by 
Altera or its authorized distributors.  Please refer to the 
applicable agreement for further details.



+---------------------------------------------------------------------------------+
; Flow Summary                                                                    ;
+------------------------------------+--------------------------------------------+
; Flow Status                        ; Successful - Fri Nov 01 06:51:29 2024      ;
; Quartus II 64-Bit Version          ; 13.1.0 Build 162 10/23/2013 SJ Web Edition ;
; Revision Name                      ; DE0_NANO                                   ;
; Top-level Entity Name              ; DE0_NANO                                   ;
; Family                             ; Cyclone IV E                               ;
; Device                             ; EP4CE22F17C6                               ;
; Timing Models                      ; Final                                      ;
; Total logic elements               ; 190 / 22,320 ( < 1 % )                     ;
;     Total combinational functions  ; 171 / 22,320 ( < 1 % )                     ;
;     Dedicated logic registers      ; 115 / 22,320 ( < 1 % )                     ;
; Total registers                    ; 115                                        ;
; Total pins                         ; 11 / 154 ( 7 % )                           ;
; Total virtual pins                 ; 0                                          ;
; Total memory bits                  ; 0 / 608,256 ( 0 % )                        ;
; Embedded Multiplier 9-bit elements ; 0 / 132 ( 0 % )                            ;
; Total PLLs                         ; 0 / 4 ( 0 % )                              ;
+------------------------------------+--------------------------------------------+


+-----------------------------------------+
; Flow Settings                           ;
+-------------------+---------------------+
; Option            ; Setting             ;
+-------------------+---------------------+
; Start date & time ; 11/01/2024 06:51:18 ;
; Main task         ; Compilation         ;
; Revision Name     ; DE0_NANO            ;
+-------------------+---------------------+


+-------------------------------------------------------------------------------------------------+
; Flow Non-Default Global Settings                                                                ;
+-----------------------+------------------------------+---------------+-------------+------------+
; Assignment Name       ; Value                        ; Default Value ; Entity Name ; Section Id ;
+-----------------------+------------------------------+---------------+-------------+------------+
; COMPILER_SIGNATURE_ID ; 345052807169.173044027828988 ; --            ; --          ; --         ;
+-----------------------+------------------------------+---------------+-------------+------------+


+--------------------------------------------------------------------------------------------------------------------------+
; Flow Elapsed Time                                                                                                        ;
+----------------------+--------------+-------------------------+---------------------+------------------------------------+
; Module Name          ; Elapsed Time ; Average Processors Used ; Peak Virtual Memory ; Total CPU Time (on all processors) ;
+----------------------+--------------+-------------------------+---------------------+------------------------------------+
; Analysis & Synthesis ; 00:00:02     ; 1.0                     ; 4710 MB             ; 00:00:02                           ;
; Fitter               ; 00:00:06     ; 1.0                     ; 6131 MB             ; 00:00:04                           ;
; Assembler            ; 00:00:01     ; 1.0                     ; 4596 MB             ; 00:00:01                           ;
; Total                ; 00:00:09     ; --                      ; --                  ; 00:00:07                           ;
+----------------------+--------------+-------------------------+---------------------+------------------------------------+


+-----------------------------------------------------------------------------------+
; Flow OS Summary                                                                   ;
+----------------------+------------------+-----------+------------+----------------+
; Module Name          ; Machine Hostname ; OS Name   ; OS Version ; Processor type ;
+----------------------+------------------+-----------+------------+----------------+
; Analysis & Synthesis ; DESKTOP-GKNAR69  ; Windows 7 ; 6.2        ; x86_64         ;
; Fitter               ; DESKTOP-GKNAR69  ; Windows 7 ; 6.2        ; x86_64         ;
; Assembler            ; DESKTOP-GKNAR69  ; Windows 7 ; 6.2        ; x86_64         ;
+----------------------+------------------+-----------+------------+----------------+


------------
; Flow Log ;
------------
quartus_map --read_settings_files=on --write_settings_files=off DE0_NANO --rev=DE0_NANO
quartus_fit --read_settings_files=on --write_settings_files=off DE0_NANO --rev=DE0_NANO
quartus_asm --read_settings_files=on --write_settings_files=off DE0_NANO --rev=DE0_NANO



